<?xml version="1.0" encoding="UTF-8"?>
<testsuite name="hudson.tasks.junit.TestResultTest" time="0.087" tests="5" errors="0" skipped="0" failures="5">
  <properties>
[...]
</properties>
  <testcase name="testDuplicateTestMethods" classname="hudson.tasks.junit.TestResultTest" time="0.011">
    <failure message="Wrong number of test cases expected:&lt;3&gt; but was:&lt;1006&gt;" type="junit.framework.AssertionFailedError"><![CDATA[junit.framework.AssertionFailedError: Wrong number of test cases expected:<3> but was:<1006>
	at junit.framework.Assert.fail(Assert.java:57)
	at junit.framework.Assert.failNotEquals(Assert.java:329)
	at junit.framework.Assert.assertEquals(Assert.java:78)
	at junit.framework.Assert.assertEquals(Assert.java:234)
	at junit.framework.TestCase.assertEquals(TestCase.java:401)
	at hudson.tasks.junit.TestResultTest.testDuplicateTestMethods(TestResultTest.java:116)
]]></failure>
  </testcase>
  <testcase name="testXmlCompatibility" classname="hudson.tasks.junit.TestResultTest" time="0.007">
    <failure message="expected:&lt;9&gt; but was:&lt;1007&gt;" type="junit.framework.AssertionFailedError"><![CDATA[junit.framework.AssertionFailedError: expected:<9> but was:<1007>
	at junit.framework.Assert.fail(Assert.java:57)
	at junit.framework.Assert.failNotEquals(Assert.java:329)
	at junit.framework.Assert.assertEquals(Assert.java:78)
	at junit.framework.Assert.assertEquals(Assert.java:234)
	at junit.framework.Assert.assertEquals(Assert.java:241)
	at junit.framework.TestCase.assertEquals(TestCase.java:409)
	at hudson.tasks.junit.TestResultTest.testXmlCompatibility(TestResultTest.java:81)
]]></failure>
  </testcase>
  <testcase name="testIpsTests" classname="hudson.tasks.junit.TestResultTest" time="0.066">
    <failure message="Wrong number of test suites expected:&lt;16&gt; but was:&lt;0&gt;" type="junit.framework.AssertionFailedError"><![CDATA[junit.framework.AssertionFailedError: Wrong number of test suites expected:<16> but was:<0>
	at junit.framework.Assert.fail(Assert.java:57)
	at junit.framework.Assert.failNotEquals(Assert.java:329)
	at junit.framework.Assert.assertEquals(Assert.java:78)
	at junit.framework.Assert.assertEquals(Assert.java:234)
	at junit.framework.TestCase.assertEquals(TestCase.java:401)
	at hudson.tasks.junit.TestResultTest.testIpsTests(TestResultTest.java:61)
]]></failure>
  </testcase>
  <testcase name="testTestSuiteDistributedOverMultipleFilesIsCountedAsOne" classname="hudson.tasks.junit.TestResultTest" time="0.002">
    <failure message="Wrong number of test cases expected:&lt;2&gt; but was:&lt;1006&gt;" type="junit.framework.AssertionFailedError"><![CDATA[junit.framework.AssertionFailedError: Wrong number of test cases expected:<2> but was:<1006>
	at junit.framework.Assert.fail(Assert.java:57)
	at junit.framework.Assert.failNotEquals(Assert.java:329)
	at junit.framework.Assert.assertEquals(Assert.java:78)
	at junit.framework.Assert.assertEquals(Assert.java:234)
	at junit.framework.TestCase.assertEquals(TestCase.java:401)
	at hudson.tasks.junit.TestResultTest.testTestSuiteDistributedOverMultipleFilesIsCountedAsOne(TestResultTest.java:127)
]]></failure>
  </testcase>
  <testcase name="testDuplicatedTestSuiteIsNotCounted" classname="hudson.tasks.junit.TestResultTest" time="0.001">
    <failure message="Wrong number of test cases expected:&lt;1&gt; but was:&lt;1006&gt;" type="junit.framework.AssertionFailedError"><![CDATA[junit.framework.AssertionFailedError: Wrong number of test cases expected:<1> but was:<1006>
	at junit.framework.Assert.fail(Assert.java:57)
	at junit.framework.Assert.failNotEquals(Assert.java:329)
	at junit.framework.Assert.assertEquals(Assert.java:78)
	at junit.framework.Assert.assertEquals(Assert.java:234)
	at junit.framework.TestCase.assertEquals(TestCase.java:401)
	at hudson.tasks.junit.TestResultTest.testDuplicatedTestSuiteIsNotCounted(TestResultTest.java:144)
]]></failure>
  </testcase>
</testsuite>