<?xml version="1.0" encoding="UTF-8"?>
<testsuite name="hudson.tasks.junit.JUnitResultArchiverTest" time="29.165" tests="8" errors="1" skipped="0" failures="5">
  <properties>
[...]
</properties>
  <testcase name="persistence" classname="hudson.tasks.junit.JUnitResultArchiverTest" time="0.755">
    <failure message="should have 132 total tests expected:&lt;132&gt; but was:&lt;1007&gt;" type="java.lang.AssertionError"><![CDATA[java.lang.AssertionError: should have 132 total tests expected:<132> but was:<1007>
	at org.junit.Assert.fail(Assert.java:88)
	at org.junit.Assert.failNotEquals(Assert.java:743)
	at org.junit.Assert.assertEquals(Assert.java:118)
	at org.junit.Assert.assertEquals(Assert.java:555)
	at hudson.tasks.junit.JUnitResultArchiverTest.assertTestResults(JUnitResultArchiverTest.java:132)
	at hudson.tasks.junit.JUnitResultArchiverTest.persistence(JUnitResultArchiverTest.java:144)
]]></failure>
    <system-out><![CDATA[=== Starting persistence(hudson.tasks.junit.JUnitResultArchiverTest)
]]></system-out>
    <system-err><![CDATA[Dec 08, 2015 4:35:27 PM org.jvnet.hudson.test.JenkinsRule createWebServer
INFO: Running on http://localhost:57548/jenkins/
Dec 08, 2015 4:35:27 PM jenkins.InitReactorRunner$1 onAttained
INFO: Started initialization
Dec 08, 2015 4:35:27 PM jenkins.InitReactorRunner$1 onAttained
INFO: Listed all plugins
Dec 08, 2015 4:35:27 PM jenkins.InitReactorRunner$1 onAttained
INFO: Prepared all plugins
Dec 08, 2015 4:35:28 PM jenkins.InitReactorRunner$1 onAttained
INFO: Started all plugins
Dec 08, 2015 4:35:28 PM jenkins.InitReactorRunner$1 onAttained
INFO: Augmented all extensions
Dec 08, 2015 4:35:28 PM jenkins.InitReactorRunner$1 onAttained
INFO: Loaded all jobs
Dec 08, 2015 4:35:28 PM jenkins.InitReactorRunner$1 onAttained
INFO: Completed initialization
Dec 08, 2015 4:35:28 PM hudson.model.Run execute
INFO: junit #1 main build action completed: SUCCESS
Dec 08, 2015 4:35:28 PM jenkins.InitReactorRunner$1 onAttained
INFO: Started initialization
Dec 08, 2015 4:35:28 PM jenkins.InitReactorRunner$1 onAttained
INFO: Listed all plugins
Dec 08, 2015 4:35:28 PM jenkins.InitReactorRunner$1 onAttained
INFO: Prepared all plugins
Dec 08, 2015 4:35:28 PM jenkins.InitReactorRunner$1 onAttained
INFO: Started all plugins
Dec 08, 2015 4:35:28 PM jenkins.InitReactorRunner$1 onAttained
INFO: Augmented all extensions
Dec 08, 2015 4:35:28 PM jenkins.InitReactorRunner$1 onAttained
INFO: Loaded all jobs
Dec 08, 2015 4:35:28 PM jenkins.InitReactorRunner$1 onAttained
INFO: Completed initialization
]]></system-err>
  </testcase>
  <testcase name="basic" classname="hudson.tasks.junit.JUnitResultArchiverTest" time="0.517">
    <failure message="should have 132 total tests expected:&lt;132&gt; but was:&lt;1007&gt;" type="java.lang.AssertionError"><![CDATA[java.lang.AssertionError: should have 132 total tests expected:<132> but was:<1007>
	at org.junit.Assert.fail(Assert.java:88)
	at org.junit.Assert.failNotEquals(Assert.java:743)
	at org.junit.Assert.assertEquals(Assert.java:118)
	at org.junit.Assert.assertEquals(Assert.java:555)
	at hudson.tasks.junit.JUnitResultArchiverTest.assertTestResults(JUnitResultArchiverTest.java:132)
	at hudson.tasks.junit.JUnitResultArchiverTest.basic(JUnitResultArchiverTest.java:94)
]]></failure>
    <system-out><![CDATA[=== Starting basic(hudson.tasks.junit.JUnitResultArchiverTest)
]]></system-out>
    <system-err><![CDATA[Dec 08, 2015 4:35:28 PM org.jvnet.hudson.test.JenkinsRule createWebServer
INFO: Running on http://localhost:38279/jenkins/
Dec 08, 2015 4:35:28 PM jenkins.InitReactorRunner$1 onAttained
INFO: Started initialization
Dec 08, 2015 4:35:28 PM jenkins.InitReactorRunner$1 onAttained
INFO: Listed all plugins
Dec 08, 2015 4:35:28 PM jenkins.InitReactorRunner$1 onAttained
INFO: Prepared all plugins
Dec 08, 2015 4:35:28 PM jenkins.InitReactorRunner$1 onAttained
INFO: Started all plugins
Dec 08, 2015 4:35:28 PM jenkins.InitReactorRunner$1 onAttained
INFO: Augmented all extensions
Dec 08, 2015 4:35:28 PM jenkins.InitReactorRunner$1 onAttained
INFO: Loaded all jobs
Dec 08, 2015 4:35:29 PM jenkins.InitReactorRunner$1 onAttained
INFO: Completed initialization
Dec 08, 2015 4:35:29 PM hudson.model.Run execute
INFO: junit #1 main build action completed: SUCCESS
]]></system-err>
  </testcase>
  <testcase name="slave" classname="hudson.tasks.junit.JUnitResultArchiverTest" time="5.806">
    <failure message="should have 132 total tests expected:&lt;132&gt; but was:&lt;1007&gt;" type="java.lang.AssertionError"><![CDATA[java.lang.AssertionError: should have 132 total tests expected:<132> but was:<1007>
	at org.junit.Assert.fail(Assert.java:88)
	at org.junit.Assert.failNotEquals(Assert.java:743)
	at org.junit.Assert.assertEquals(Assert.java:118)
	at org.junit.Assert.assertEquals(Assert.java:555)
	at hudson.tasks.junit.JUnitResultArchiverTest.assertTestResults(JUnitResultArchiverTest.java:132)
	at hudson.tasks.junit.JUnitResultArchiverTest.basic(JUnitResultArchiverTest.java:94)
	at hudson.tasks.junit.JUnitResultArchiverTest.slave(JUnitResultArchiverTest.java:119)
]]></failure>
    <system-out><![CDATA[=== Starting slave(hudson.tasks.junit.JUnitResultArchiverTest)
]]></system-out>
    <system-err><![CDATA[Dec 08, 2015 4:35:29 PM org.jvnet.hudson.test.JenkinsRule createWebServer
INFO: Running on http://localhost:51331/jenkins/
Dec 08, 2015 4:35:29 PM jenkins.InitReactorRunner$1 onAttained
INFO: Started initialization
Dec 08, 2015 4:35:29 PM jenkins.InitReactorRunner$1 onAttained
INFO: Listed all plugins
Dec 08, 2015 4:35:29 PM jenkins.InitReactorRunner$1 onAttained
INFO: Prepared all plugins
Dec 08, 2015 4:35:29 PM jenkins.InitReactorRunner$1 onAttained
INFO: Started all plugins
Dec 08, 2015 4:35:29 PM jenkins.InitReactorRunner$1 onAttained
INFO: Augmented all extensions
Dec 08, 2015 4:35:29 PM jenkins.InitReactorRunner$1 onAttained
INFO: Loaded all jobs
Dec 08, 2015 4:35:30 PM jenkins.InitReactorRunner$1 onAttained
INFO: Completed initialization
Dec 08, 2015 4:35:31 PM hudson.slaves.CommandLauncher launch
INFO: slave agent launched for slave0
Dec 08, 2015 4:35:32 PM hudson.model.Run execute
INFO: junit #1 main build action completed: SUCCESS
Note: known to randomly fail: TimeoutException from basic
]]></system-err>
  </testcase>
  <testcase name="setDescription" classname="hudson.tasks.junit.JUnitResultArchiverTest" time="7.112"/>
  <testcase name="configRoundTrip" classname="hudson.tasks.junit.JUnitResultArchiverTest" time="8.565"/>
  <testcase name="repeatedArchivingSlave" classname="hudson.tasks.junit.JUnitResultArchiverTest" time="3.634">
    <failure message="should have 8 total tests expected:&lt;8&gt; but was:&lt;1007&gt;" type="java.lang.AssertionError"><![CDATA[java.lang.AssertionError: should have 8 total tests expected:<8> but was:<1007>
	at org.junit.Assert.fail(Assert.java:88)
	at org.junit.Assert.failNotEquals(Assert.java:743)
	at org.junit.Assert.assertEquals(Assert.java:118)
	at org.junit.Assert.assertEquals(Assert.java:555)
	at hudson.tasks.junit.JUnitResultArchiverTest.doRepeatedArchiving(JUnitResultArchiverTest.java:215)
	at hudson.tasks.junit.JUnitResultArchiverTest.repeatedArchivingSlave(JUnitResultArchiverTest.java:197)
]]></failure>
    <system-out><![CDATA[=== Starting repeatedArchivingSlave(hudson.tasks.junit.JUnitResultArchiverTest)
]]></system-out>
    <system-err><![CDATA[Dec 08, 2015 4:35:50 PM org.jvnet.hudson.test.JenkinsRule createWebServer
INFO: Running on http://localhost:41017/jenkins/
Dec 08, 2015 4:35:50 PM jenkins.InitReactorRunner$1 onAttained
INFO: Started initialization
Dec 08, 2015 4:35:50 PM jenkins.InitReactorRunner$1 onAttained
INFO: Listed all plugins
Dec 08, 2015 4:35:50 PM jenkins.InitReactorRunner$1 onAttained
INFO: Prepared all plugins
Dec 08, 2015 4:35:50 PM jenkins.InitReactorRunner$1 onAttained
INFO: Started all plugins
Dec 08, 2015 4:35:50 PM jenkins.InitReactorRunner$1 onAttained
INFO: Augmented all extensions
Dec 08, 2015 4:35:50 PM jenkins.InitReactorRunner$1 onAttained
INFO: Loaded all jobs
Dec 08, 2015 4:35:51 PM jenkins.InitReactorRunner$1 onAttained
INFO: Completed initialization
Dec 08, 2015 4:35:52 PM hudson.slaves.CommandLauncher launch
INFO: slave agent launched for slave0
Dec 08, 2015 4:35:54 PM hudson.model.Run execute
INFO: junit #1 main build action completed: UNSTABLE
]]></system-err>
  </testcase>
  <testcase name="specialCharsInRelativePath" classname="hudson.tasks.junit.JUnitResultArchiverTest" time="2.32">
    <error type="java.lang.NullPointerException:">java.lang.NullPointerException: null
	at hudson.tasks.junit.JUnitResultArchiverTest.specialCharsInRelativePath(JUnitResultArchiverTest.java:307)
</error>
    <system-out><![CDATA[=== Starting specialCharsInRelativePath(hudson.tasks.junit.JUnitResultArchiverTest)
]]></system-out>
    <system-err><![CDATA[Dec 08, 2015 4:35:54 PM org.jvnet.hudson.test.JenkinsRule createWebServer
INFO: Running on http://localhost:40830/jenkins/
Dec 08, 2015 4:35:54 PM jenkins.InitReactorRunner$1 onAttained
INFO: Started initialization
Dec 08, 2015 4:35:54 PM jenkins.InitReactorRunner$1 onAttained
INFO: Listed all plugins
Dec 08, 2015 4:35:54 PM jenkins.InitReactorRunner$1 onAttained
INFO: Prepared all plugins
Dec 08, 2015 4:35:54 PM jenkins.InitReactorRunner$1 onAttained
INFO: Started all plugins
Dec 08, 2015 4:35:54 PM jenkins.InitReactorRunner$1 onAttained
INFO: Augmented all extensions
Dec 08, 2015 4:35:54 PM jenkins.InitReactorRunner$1 onAttained
INFO: Loaded all jobs
Dec 08, 2015 4:35:54 PM jenkins.InitReactorRunner$1 onAttained
INFO: Completed initialization
Dec 08, 2015 4:35:54 PM hudson.model.Run execute
INFO: test1/a=<|#) #1 main build action completed: SUCCESS
Dec 08, 2015 4:35:55 PM hudson.model.Run execute
INFO: test1 #1 main build action completed: UNSTABLE
]]></system-err>
  </testcase>
  <testcase name="repeatedArchiving" classname="hudson.tasks.junit.JUnitResultArchiverTest" time="0.456">
    <failure message="should have 8 total tests expected:&lt;8&gt; but was:&lt;1007&gt;" type="java.lang.AssertionError"><![CDATA[java.lang.AssertionError: should have 8 total tests expected:<8> but was:<1007>
	at org.junit.Assert.fail(Assert.java:88)
	at org.junit.Assert.failNotEquals(Assert.java:743)
	at org.junit.Assert.assertEquals(Assert.java:118)
	at org.junit.Assert.assertEquals(Assert.java:555)
	at hudson.tasks.junit.JUnitResultArchiverTest.doRepeatedArchiving(JUnitResultArchiverTest.java:215)
	at hudson.tasks.junit.JUnitResultArchiverTest.repeatedArchiving(JUnitResultArchiverTest.java:194)
]]></failure>
    <system-out><![CDATA[=== Starting repeatedArchiving(hudson.tasks.junit.JUnitResultArchiverTest)
]]></system-out>
    <system-err><![CDATA[Dec 08, 2015 4:35:56 PM org.jvnet.hudson.test.JenkinsRule createWebServer
INFO: Running on http://localhost:51520/jenkins/
Dec 08, 2015 4:35:56 PM jenkins.InitReactorRunner$1 onAttained
INFO: Started initialization
Dec 08, 2015 4:35:56 PM jenkins.InitReactorRunner$1 onAttained
INFO: Listed all plugins
Dec 08, 2015 4:35:56 PM jenkins.InitReactorRunner$1 onAttained
INFO: Prepared all plugins
Dec 08, 2015 4:35:56 PM jenkins.InitReactorRunner$1 onAttained
INFO: Started all plugins
Dec 08, 2015 4:35:56 PM jenkins.InitReactorRunner$1 onAttained
INFO: Augmented all extensions
Dec 08, 2015 4:35:56 PM jenkins.InitReactorRunner$1 onAttained
INFO: Loaded all jobs
Dec 08, 2015 4:35:56 PM jenkins.InitReactorRunner$1 onAttained
INFO: Completed initialization
Dec 08, 2015 4:35:56 PM hudson.model.Run execute
INFO: junit #1 main build action completed: UNSTABLE
]]></system-err>
  </testcase>
</testsuite>