<?xml version="1.0" encoding="UTF-8"?>
<testsuite name="hudson.tasks.junit.JUnitResultArchiverTest" time="29.165" tests="8" errors="1" skipped="0" failures="5">
  <properties>
    <property name="java.runtime.name" value="OpenJDK Runtime Environment"/>
    <property name="sun.boot.library.path" value="/usr/lib/jvm/java-7-openjdk-amd64/jre/lib/amd64"/>
    <property name="java.vm.version" value="24.65-b04"/>
    <property name="java.vm.vendor" value="Oracle Corporation"/>
    <property name="java.vendor.url" value="http://java.oracle.com/"/>
    <property name="path.separator" value=":"/>
    <property name="guice.disable.misplaced.annotation.check" value="true"/>
    <property name="java.vm.name" value="OpenJDK 64-Bit Server VM"/>
    <property name="file.encoding.pkg" value="sun.io"/>
    <property name="user.country" value="KR"/>
    <property name="sun.java.launcher" value="SUN_STANDARD"/>
    <property name="sun.os.patch.level" value="unknown"/>
    <property name="java.vm.specification.name" value="Java Virtual Machine Specification"/>
    <property name="user.dir" value="/home/hi25shin/github/anyone-junit-plugin"/>
    <property name="java.runtime.version" value="1.7.0_65-b32"/>
    <property name="java.awt.graphicsenv" value="sun.awt.X11GraphicsEnvironment"/>
    <property name="java.endorsed.dirs" value="/usr/lib/jvm/java-7-openjdk-amd64/jre/lib/endorsed"/>
    <property name="os.arch" value="amd64"/>
    <property name="java.io.tmpdir" value="/tmp"/>
    <property name="line.separator" value="&#10;"/>
    <property name="java.vm.specification.vendor" value="Oracle Corporation"/>
    <property name="os.name" value="Linux"/>
    <property name="classworlds.conf" value="/home/hi25shin/apache-maven-3.1.1/bin/m2.conf"/>
    <property name="sun.jnu.encoding" value="UTF-8"/>
    <property name="java.library.path" value="/usr/java/packages/lib/amd64:/usr/lib/x86_64-linux-gnu/jni:/lib/x86_64-linux-gnu:/usr/lib/x86_64-linux-gnu:/usr/lib/jni:/lib:/usr/lib"/>
    <property name="java.specification.name" value="Java Platform API Specification"/>
    <property name="java.class.version" value="51.0"/>
    <property name="sun.management.compiler" value="HotSpot 64-Bit Tiered Compilers"/>
    <property name="os.version" value="3.8.0-29-generic"/>
    <property name="user.home" value="/home/hi25shin"/>
    <property name="user.timezone" value="Asia/Seoul"/>
    <property name="java.awt.printerjob" value="sun.print.PSPrinterJob"/>
    <property name="file.encoding" value="UTF-8"/>
    <property name="java.specification.version" value="1.7"/>
    <property name="user.name" value="hi25shin"/>
    <property name="java.class.path" value="/home/hi25shin/apache-maven-3.1.1/boot/plexus-classworlds-2.5.1.jar"/>
    <property name="org.slf4j.simpleLogger.defaultLogLevel" value="info"/>
    <property name="java.vm.specification.version" value="1.7"/>
    <property name="sun.arch.data.model" value="64"/>
    <property name="java.home" value="/usr/lib/jvm/java-7-openjdk-amd64/jre"/>
    <property name="sun.java.command" value="org.codehaus.plexus.classworlds.launcher.Launcher clean test"/>
    <property name="java.specification.vendor" value="Oracle Corporation"/>
    <property name="user.language" value="ko"/>
    <property name="awt.toolkit" value="sun.awt.X11.XToolkit"/>
    <property name="java.vm.info" value="mixed mode"/>
    <property name="java.version" value="1.7.0_65"/>
    <property name="java.ext.dirs" value="/usr/lib/jvm/java-7-openjdk-amd64/jre/lib/ext:/usr/java/packages/lib/ext"/>
    <property name="securerandom.source" value="file:/dev/./urandom"/>
    <property name="sun.boot.class.path" value="/usr/lib/jvm/java-7-openjdk-amd64/jre/lib/resources.jar:/usr/lib/jvm/java-7-openjdk-amd64/jre/lib/rt.jar:/usr/lib/jvm/java-7-openjdk-amd64/jre/lib/sunrsasign.jar:/usr/lib/jvm/java-7-openjdk-amd64/jre/lib/jsse.jar:/usr/lib/jvm/java-7-openjdk-amd64/jre/lib/jce.jar:/usr/lib/jvm/java-7-openjdk-amd64/jre/lib/charsets.jar:/usr/lib/jvm/java-7-openjdk-amd64/jre/lib/rhino.jar:/usr/lib/jvm/java-7-openjdk-amd64/jre/lib/jfr.jar:/usr/lib/jvm/java-7-openjdk-amd64/jre/classes"/>
    <property name="java.vendor" value="Oracle Corporation"/>
    <property name="maven.home" value="/home/hi25shin/apache-maven-3.1.1"/>
    <property name="file.separator" value="/"/>
    <property name="java.vendor.url.bug" value="http://bugreport.sun.com/bugreport/"/>
    <property name="sun.cpu.endian" value="little"/>
    <property name="sun.io.unicode.encoding" value="UnicodeLittle"/>
    <property name="sun.cpu.isalist" value=""/>
  </properties>
  <testcase name="persistence" classname="hudson.tasks.junit.JUnitResultArchiverTest" time="0.755">
    <failure message="should have 132 total tests expected:&lt;132&gt; but was:&lt;1007&gt;" type="java.lang.AssertionError"><![CDATA[java.lang.AssertionError: should have 132 total tests expected:<132> but was:<1007>
	at org.junit.Assert.fail(Assert.java:88)
	at org.junit.Assert.failNotEquals(Assert.java:743)
	at org.junit.Assert.assertEquals(Assert.java:118)
	at org.junit.Assert.assertEquals(Assert.java:555)
	at hudson.tasks.junit.JUnitResultArchiverTest.assertTestResults(JUnitResultArchiverTest.java:132)
	at hudson.tasks.junit.JUnitResultArchiverTest.persistence(JUnitResultArchiverTest.java:144)
]]></failure>
    <system-out><![CDATA[=== Starting persistence(hudson.tasks.junit.JUnitResultArchiverTest)
]]></system-out>
    <system-err><![CDATA[Dec 08, 2015 4:35:27 PM org.jvnet.hudson.test.JenkinsRule createWebServer
INFO: Running on http://localhost:57548/jenkins/
Dec 08, 2015 4:35:27 PM jenkins.InitReactorRunner$1 onAttained
INFO: Started initialization
Dec 08, 2015 4:35:27 PM jenkins.InitReactorRunner$1 onAttained
INFO: Listed all plugins
Dec 08, 2015 4:35:27 PM jenkins.InitReactorRunner$1 onAttained
INFO: Prepared all plugins
Dec 08, 2015 4:35:28 PM jenkins.InitReactorRunner$1 onAttained
INFO: Started all plugins
Dec 08, 2015 4:35:28 PM jenkins.InitReactorRunner$1 onAttained
INFO: Augmented all extensions
Dec 08, 2015 4:35:28 PM jenkins.InitReactorRunner$1 onAttained
INFO: Loaded all jobs
Dec 08, 2015 4:35:28 PM jenkins.InitReactorRunner$1 onAttained
INFO: Completed initialization
Dec 08, 2015 4:35:28 PM hudson.model.Run execute
INFO: junit #1 main build action completed: SUCCESS
Dec 08, 2015 4:35:28 PM jenkins.InitReactorRunner$1 onAttained
INFO: Started initialization
Dec 08, 2015 4:35:28 PM jenkins.InitReactorRunner$1 onAttained
INFO: Listed all plugins
Dec 08, 2015 4:35:28 PM jenkins.InitReactorRunner$1 onAttained
INFO: Prepared all plugins
Dec 08, 2015 4:35:28 PM jenkins.InitReactorRunner$1 onAttained
INFO: Started all plugins
Dec 08, 2015 4:35:28 PM jenkins.InitReactorRunner$1 onAttained
INFO: Augmented all extensions
Dec 08, 2015 4:35:28 PM jenkins.InitReactorRunner$1 onAttained
INFO: Loaded all jobs
Dec 08, 2015 4:35:28 PM jenkins.InitReactorRunner$1 onAttained
INFO: Completed initialization
]]></system-err>
  </testcase>
  <testcase name="basic" classname="hudson.tasks.junit.JUnitResultArchiverTest" time="0.517">
    <failure message="should have 132 total tests expected:&lt;132&gt; but was:&lt;1007&gt;" type="java.lang.AssertionError"><![CDATA[java.lang.AssertionError: should have 132 total tests expected:<132> but was:<1007>
	at org.junit.Assert.fail(Assert.java:88)
	at org.junit.Assert.failNotEquals(Assert.java:743)
	at org.junit.Assert.assertEquals(Assert.java:118)
	at org.junit.Assert.assertEquals(Assert.java:555)
	at hudson.tasks.junit.JUnitResultArchiverTest.assertTestResults(JUnitResultArchiverTest.java:132)
	at hudson.tasks.junit.JUnitResultArchiverTest.basic(JUnitResultArchiverTest.java:94)
]]></failure>
    <system-out><![CDATA[=== Starting basic(hudson.tasks.junit.JUnitResultArchiverTest)
]]></system-out>
    <system-err><![CDATA[Dec 08, 2015 4:35:28 PM org.jvnet.hudson.test.JenkinsRule createWebServer
INFO: Running on http://localhost:38279/jenkins/
Dec 08, 2015 4:35:28 PM jenkins.InitReactorRunner$1 onAttained
INFO: Started initialization
Dec 08, 2015 4:35:28 PM jenkins.InitReactorRunner$1 onAttained
INFO: Listed all plugins
Dec 08, 2015 4:35:28 PM jenkins.InitReactorRunner$1 onAttained
INFO: Prepared all plugins
Dec 08, 2015 4:35:28 PM jenkins.InitReactorRunner$1 onAttained
INFO: Started all plugins
Dec 08, 2015 4:35:28 PM jenkins.InitReactorRunner$1 onAttained
INFO: Augmented all extensions
Dec 08, 2015 4:35:28 PM jenkins.InitReactorRunner$1 onAttained
INFO: Loaded all jobs
Dec 08, 2015 4:35:29 PM jenkins.InitReactorRunner$1 onAttained
INFO: Completed initialization
Dec 08, 2015 4:35:29 PM hudson.model.Run execute
INFO: junit #1 main build action completed: SUCCESS
]]></system-err>
  </testcase>
  <testcase name="slave" classname="hudson.tasks.junit.JUnitResultArchiverTest" time="5.806">
    <failure message="should have 132 total tests expected:&lt;132&gt; but was:&lt;1007&gt;" type="java.lang.AssertionError"><![CDATA[java.lang.AssertionError: should have 132 total tests expected:<132> but was:<1007>
	at org.junit.Assert.fail(Assert.java:88)
	at org.junit.Assert.failNotEquals(Assert.java:743)
	at org.junit.Assert.assertEquals(Assert.java:118)
	at org.junit.Assert.assertEquals(Assert.java:555)
	at hudson.tasks.junit.JUnitResultArchiverTest.assertTestResults(JUnitResultArchiverTest.java:132)
	at hudson.tasks.junit.JUnitResultArchiverTest.basic(JUnitResultArchiverTest.java:94)
	at hudson.tasks.junit.JUnitResultArchiverTest.slave(JUnitResultArchiverTest.java:119)
]]></failure>
    <system-out><![CDATA[=== Starting slave(hudson.tasks.junit.JUnitResultArchiverTest)
]]></system-out>
    <system-err><![CDATA[Dec 08, 2015 4:35:29 PM org.jvnet.hudson.test.JenkinsRule createWebServer
INFO: Running on http://localhost:51331/jenkins/
Dec 08, 2015 4:35:29 PM jenkins.InitReactorRunner$1 onAttained
INFO: Started initialization
Dec 08, 2015 4:35:29 PM jenkins.InitReactorRunner$1 onAttained
INFO: Listed all plugins
Dec 08, 2015 4:35:29 PM jenkins.InitReactorRunner$1 onAttained
INFO: Prepared all plugins
Dec 08, 2015 4:35:29 PM jenkins.InitReactorRunner$1 onAttained
INFO: Started all plugins
Dec 08, 2015 4:35:29 PM jenkins.InitReactorRunner$1 onAttained
INFO: Augmented all extensions
Dec 08, 2015 4:35:29 PM jenkins.InitReactorRunner$1 onAttained
INFO: Loaded all jobs
Dec 08, 2015 4:35:30 PM jenkins.InitReactorRunner$1 onAttained
INFO: Completed initialization
Dec 08, 2015 4:35:31 PM hudson.slaves.CommandLauncher launch
INFO: slave agent launched for slave0
Dec 08, 2015 4:35:32 PM hudson.model.Run execute
INFO: junit #1 main build action completed: SUCCESS
Note: known to randomly fail: TimeoutException from basic
]]></system-err>
  </testcase>
  <testcase name="setDescription" classname="hudson.tasks.junit.JUnitResultArchiverTest" time="7.112"/>
  <testcase name="configRoundTrip" classname="hudson.tasks.junit.JUnitResultArchiverTest" time="8.565"/>
  <testcase name="repeatedArchivingSlave" classname="hudson.tasks.junit.JUnitResultArchiverTest" time="3.634">
    <failure message="should have 8 total tests expected:&lt;8&gt; but was:&lt;1007&gt;" type="java.lang.AssertionError"><![CDATA[java.lang.AssertionError: should have 8 total tests expected:<8> but was:<1007>
	at org.junit.Assert.fail(Assert.java:88)
	at org.junit.Assert.failNotEquals(Assert.java:743)
	at org.junit.Assert.assertEquals(Assert.java:118)
	at org.junit.Assert.assertEquals(Assert.java:555)
	at hudson.tasks.junit.JUnitResultArchiverTest.doRepeatedArchiving(JUnitResultArchiverTest.java:215)
	at hudson.tasks.junit.JUnitResultArchiverTest.repeatedArchivingSlave(JUnitResultArchiverTest.java:197)
]]></failure>
    <system-out><![CDATA[=== Starting repeatedArchivingSlave(hudson.tasks.junit.JUnitResultArchiverTest)
]]></system-out>
    <system-err><![CDATA[Dec 08, 2015 4:35:50 PM org.jvnet.hudson.test.JenkinsRule createWebServer
INFO: Running on http://localhost:41017/jenkins/
Dec 08, 2015 4:35:50 PM jenkins.InitReactorRunner$1 onAttained
INFO: Started initialization
Dec 08, 2015 4:35:50 PM jenkins.InitReactorRunner$1 onAttained
INFO: Listed all plugins
Dec 08, 2015 4:35:50 PM jenkins.InitReactorRunner$1 onAttained
INFO: Prepared all plugins
Dec 08, 2015 4:35:50 PM jenkins.InitReactorRunner$1 onAttained
INFO: Started all plugins
Dec 08, 2015 4:35:50 PM jenkins.InitReactorRunner$1 onAttained
INFO: Augmented all extensions
Dec 08, 2015 4:35:50 PM jenkins.InitReactorRunner$1 onAttained
INFO: Loaded all jobs
Dec 08, 2015 4:35:51 PM jenkins.InitReactorRunner$1 onAttained
INFO: Completed initialization
Dec 08, 2015 4:35:52 PM hudson.slaves.CommandLauncher launch
INFO: slave agent launched for slave0
Dec 08, 2015 4:35:54 PM hudson.model.Run execute
INFO: junit #1 main build action completed: UNSTABLE
]]></system-err>
  </testcase>
  <testcase name="specialCharsInRelativePath" classname="hudson.tasks.junit.JUnitResultArchiverTest" time="2.32">
    <error type="java.lang.NullPointerException:">java.lang.NullPointerException: null
	at hudson.tasks.junit.JUnitResultArchiverTest.specialCharsInRelativePath(JUnitResultArchiverTest.java:307)
</error>
    <system-out><![CDATA[=== Starting specialCharsInRelativePath(hudson.tasks.junit.JUnitResultArchiverTest)
]]></system-out>
    <system-err><![CDATA[Dec 08, 2015 4:35:54 PM org.jvnet.hudson.test.JenkinsRule createWebServer
INFO: Running on http://localhost:40830/jenkins/
Dec 08, 2015 4:35:54 PM jenkins.InitReactorRunner$1 onAttained
INFO: Started initialization
Dec 08, 2015 4:35:54 PM jenkins.InitReactorRunner$1 onAttained
INFO: Listed all plugins
Dec 08, 2015 4:35:54 PM jenkins.InitReactorRunner$1 onAttained
INFO: Prepared all plugins
Dec 08, 2015 4:35:54 PM jenkins.InitReactorRunner$1 onAttained
INFO: Started all plugins
Dec 08, 2015 4:35:54 PM jenkins.InitReactorRunner$1 onAttained
INFO: Augmented all extensions
Dec 08, 2015 4:35:54 PM jenkins.InitReactorRunner$1 onAttained
INFO: Loaded all jobs
Dec 08, 2015 4:35:54 PM jenkins.InitReactorRunner$1 onAttained
INFO: Completed initialization
Dec 08, 2015 4:35:54 PM hudson.model.Run execute
INFO: test1/a=<|#) #1 main build action completed: SUCCESS
Dec 08, 2015 4:35:55 PM hudson.model.Run execute
INFO: test1 #1 main build action completed: UNSTABLE
]]></system-err>
  </testcase>
  <testcase name="repeatedArchiving" classname="hudson.tasks.junit.JUnitResultArchiverTest" time="0.456">
    <failure message="should have 8 total tests expected:&lt;8&gt; but was:&lt;1007&gt;" type="java.lang.AssertionError"><![CDATA[java.lang.AssertionError: should have 8 total tests expected:<8> but was:<1007>
	at org.junit.Assert.fail(Assert.java:88)
	at org.junit.Assert.failNotEquals(Assert.java:743)
	at org.junit.Assert.assertEquals(Assert.java:118)
	at org.junit.Assert.assertEquals(Assert.java:555)
	at hudson.tasks.junit.JUnitResultArchiverTest.doRepeatedArchiving(JUnitResultArchiverTest.java:215)
	at hudson.tasks.junit.JUnitResultArchiverTest.repeatedArchiving(JUnitResultArchiverTest.java:194)
]]></failure>
    <system-out><![CDATA[=== Starting repeatedArchiving(hudson.tasks.junit.JUnitResultArchiverTest)
]]></system-out>
    <system-err><![CDATA[Dec 08, 2015 4:35:56 PM org.jvnet.hudson.test.JenkinsRule createWebServer
INFO: Running on http://localhost:51520/jenkins/
Dec 08, 2015 4:35:56 PM jenkins.InitReactorRunner$1 onAttained
INFO: Started initialization
Dec 08, 2015 4:35:56 PM jenkins.InitReactorRunner$1 onAttained
INFO: Listed all plugins
Dec 08, 2015 4:35:56 PM jenkins.InitReactorRunner$1 onAttained
INFO: Prepared all plugins
Dec 08, 2015 4:35:56 PM jenkins.InitReactorRunner$1 onAttained
INFO: Started all plugins
Dec 08, 2015 4:35:56 PM jenkins.InitReactorRunner$1 onAttained
INFO: Augmented all extensions
Dec 08, 2015 4:35:56 PM jenkins.InitReactorRunner$1 onAttained
INFO: Loaded all jobs
Dec 08, 2015 4:35:56 PM jenkins.InitReactorRunner$1 onAttained
INFO: Completed initialization
Dec 08, 2015 4:35:56 PM hudson.model.Run execute
INFO: junit #1 main build action completed: UNSTABLE
]]></system-err>
  </testcase>
</testsuite>