Started by user [8mha:AAAAlh+LCAAAAAAAAP9b85aBtbiIQTGjNKU4P08vOT+vOD8nVc83PyU1x6OyILUoJzMv2y+/JJUBAhiZGBgqihhk0NSjKDWzXb3RdlLBUSYGJk8GtpzUvPSSDB8G5tKinBIGIZ+sxLJE/ZzEvHT94JKizLx0a6BxUmjGOUNodHsLgAzOEgYu/dLi1CL9vNKcHACFIKlWvwAAAA==[0manonymous
Building in workspace /repos
[/repos] $ mvn -Dgroups=test.FuncA -DuserType=userA clean test
[INFO] Scanning for projects...
[INFO]                                                                         
[INFO] ------------------------------------------------------------------------
[INFO] Building demo-war Maven Webapp 1.0-SNAPSHOT
[INFO] ------------------------------------------------------------------------
Downloading: http://repo.jenkins-ci.org/simple/repo1-cache/org/apache/maven/plugins/maven-clean-plugin/2.5/maven-clean-plugin-2.5.pom
2/4 KB   4/4 KB            Downloaded: http://repo.jenkins-ci.org/simple/repo1-cache/org/apache/maven/plugins/maven-clean-plugin/2.5/maven-clean-plugin-2.5.pom (4 KB at 3.9 KB/sec)
Downloading: http://repo.jenkins-ci.org/simple/repo1-cache/org/apache/maven/plugins/maven-clean-plugin/2.5/maven-clean-plugin-2.5.jar
4/25 KB   6/25 KB   10/25 KB   14/25 KB   18/25 KB   22/25 KB   23/25 KB   25/25 KB              Downloaded: http://repo.jenkins-ci.org/simple/repo1-cache/org/apache/maven/plugins/maven-clean-plugin/2.5/maven-clean-plugin-2.5.jar (25 KB at 18.4 KB/sec)
[INFO] 
[8mha:AAAAYB+LCAAAAAAAAP9b85aBtbiIQSmjNKU4P0+vJLE4u1gvPjexLDVPzxdEGvvmZ+X75ZekLlOVfvTjc8FPJgaGiiIGKaiG5Py84vycVD1nCA1SyAABjCCFBQCV27OjYAAAAA==[0m[INFO] --- maven-clean-plugin:2.5:clean (default-clean) @ demo-war ---
[INFO] Deleting /repos/target
[INFO] 
[8mha:AAAAYB+LCAAAAAAAAP9b85aBtbiIQSmjNKU4P0+vJLE4u1gvPjexLDVPzxdEGvvmZ+X75ZekLlOVfvTjc8FPJgaGiiIGKaiG5Py84vycVD1nCA1SyAABjCCFBQCV27OjYAAAAA==[0m[INFO] --- maven-resources-plugin:2.3:resources (default-resources) @ demo-war ---
[8mha:AAAAYx+LCAAAAAAAAP9b85aBtbiIQSWjNKU4P0+vJLE4u1gvPjexLDVPzxdEhicW5WXmpfvll6S2fNly5fzGzauYGBgqihikoFqS8/OK83NS9ZwhNEghAwQwghQWAACwxA+XYgAAAA==[0m[WARNING] Using platform encoding (UTF-8 actually) to copy filtered resources, i.e. build is platform dependent!
[INFO] skip non existing resourceDirectory /repos/src/main/resources
[INFO] 
[8mha:AAAAYB+LCAAAAAAAAP9b85aBtbiIQSmjNKU4P0+vJLE4u1gvPjexLDVPzxdEGvvmZ+X75ZekLlOVfvTjc8FPJgaGiiIGKaiG5Py84vycVD1nCA1SyAABjCCFBQCV27OjYAAAAA==[0m[INFO] --- maven-compiler-plugin:2.5.1:compile (default-compile) @ demo-war ---
[INFO] No sources to compile
[INFO] 
[8mha:AAAAYB+LCAAAAAAAAP9b85aBtbiIQSmjNKU4P0+vJLE4u1gvPjexLDVPzxdEGvvmZ+X75ZekLlOVfvTjc8FPJgaGiiIGKaiG5Py84vycVD1nCA1SyAABjCCFBQCV27OjYAAAAA==[0m[INFO] --- maven-resources-plugin:2.3:testResources (default-testResources) @ demo-war ---
[8mha:AAAAYx+LCAAAAAAAAP9b85aBtbiIQSWjNKU4P0+vJLE4u1gvPjexLDVPzxdEhicW5WXmpfvll6S2fNly5fzGzauYGBgqihikoFqS8/OK83NS9ZwhNEghAwQwghQWAACwxA+XYgAAAA==[0m[WARNING] Using platform encoding (UTF-8 actually) to copy filtered resources, i.e. build is platform dependent!
[INFO] skip non existing resourceDirectory /repos/src/test/resources
[INFO] 
[8mha:AAAAYB+LCAAAAAAAAP9b85aBtbiIQSmjNKU4P0+vJLE4u1gvPjexLDVPzxdEGvvmZ+X75ZekLlOVfvTjc8FPJgaGiiIGKaiG5Py84vycVD1nCA1SyAABjCCFBQCV27OjYAAAAA==[0m[INFO] --- maven-compiler-plugin:2.5.1:testCompile (default-testCompile) @ demo-war ---
[8mha:AAAAYx+LCAAAAAAAAP9b85aBtbiIQSWjNKU4P0+vJLE4u1gvPjexLDVPzxdEhicW5WXmpfvll6S2fNly5fzGzauYGBgqihikoFqS8/OK83NS9ZwhNEghAwQwghQWAACwxA+XYgAAAA==[0m[WARNING] File encoding has not been set, using platform encoding UTF-8, i.e. build is platform dependent!
[INFO] Compiling 6 source files to /repos/target/test-classes
[INFO] 
[8mha:AAAAYB+LCAAAAAAAAP9b85aBtbiIQSmjNKU4P0+vJLE4u1gvPjexLDVPzxdEGvvmZ+X75ZekLlOVfvTjc8FPJgaGiiIGKaiG5Py84vycVD1nCA1SyAABjCCFBQCV27OjYAAAAA==[0m[INFO] --- maven-surefire-plugin:2.19:test (default-test) @ demo-war ---
Downloading: http://repo.jenkins-ci.org/simple/repo1-cache/org/apache/maven/surefire/surefire-junit47/2.19/surefire-junit47-2.19.pom
3/7 KB     6/7 KB   7/7 KB            Downloaded: http://repo.jenkins-ci.org/simple/repo1-cache/org/apache/maven/surefire/surefire-junit47/2.19/surefire-junit47-2.19.pom (7 KB at 5.5 KB/sec)
Downloading: http://repo.jenkins-ci.org/simple/repo1-cache/org/apache/maven/surefire/common-junit48/2.19/common-junit48-2.19.pom
2/4 KB   4/4 KB            Downloaded: http://repo.jenkins-ci.org/simple/repo1-cache/org/apache/maven/surefire/common-junit48/2.19/common-junit48-2.19.pom (4 KB at 3.3 KB/sec)
Downloading: http://repo.jenkins-ci.org/simple/repo1-cache/org/apache/maven/surefire/common-junit4/2.19/common-junit4-2.19.pom
3/3 KB            Downloaded: http://repo.jenkins-ci.org/simple/repo1-cache/org/apache/maven/surefire/common-junit4/2.19/common-junit4-2.19.pom (3 KB at 2.2 KB/sec)
Downloading: http://repo.jenkins-ci.org/simple/repo1-cache/org/apache/maven/surefire/common-junit3/2.19/common-junit3-2.19.pom
2/2 KB            Downloaded: http://repo.jenkins-ci.org/simple/repo1-cache/org/apache/maven/surefire/common-junit3/2.19/common-junit3-2.19.pom (2 KB at 1.7 KB/sec)
Downloading: http://repo.jenkins-ci.org/simple/repo1-cache/org/apache/maven/surefire/common-java5/2.19/common-java5-2.19.pom
3/3 KB            Downloaded: http://repo.jenkins-ci.org/simple/repo1-cache/org/apache/maven/surefire/common-java5/2.19/common-java5-2.19.pom (3 KB at 2.9 KB/sec)
Downloading: http://repo.jenkins-ci.org/simple/repo1-cache/org/apache/maven/shared/maven-shared-utils/0.9/maven-shared-utils-0.9.pom
4/7 KB   6/7 KB   7/7 KB            Downloaded: http://repo.jenkins-ci.org/simple/repo1-cache/org/apache/maven/shared/maven-shared-utils/0.9/maven-shared-utils-0.9.pom (7 KB at 5.5 KB/sec)
Downloading: http://repo.jenkins-ci.org/simple/repo1-cache/org/apache/maven/shared/maven-shared-components/21/maven-shared-components-21.pom
3/5 KB   5/5 KB            Downloaded: http://repo.jenkins-ci.org/simple/repo1-cache/org/apache/maven/shared/maven-shared-components/21/maven-shared-components-21.pom (5 KB at 5.5 KB/sec)
Downloading: http://repo.jenkins-ci.org/simple/repo1-cache/org/apache/maven/maven-parent/25/maven-parent-25.pom
4/37 KB   6/37 KB   10/37 KB   10/37 KB   13/37 KB   17/37 KB   18/37 KB   22/37 KB   23/37 KB   27/37 KB   31/37 KB   35/37 KB   36/37 KB   37/37 KB              Downloaded: http://repo.jenkins-ci.org/simple/repo1-cache/org/apache/maven/maven-parent/25/maven-parent-25.pom (37 KB at 27.5 KB/sec)
Downloading: http://repo.jenkins-ci.org/simple/repo1-cache/org/apache/apache/15/apache-15.pom
3/15 KB    6/15 KB   10/15 KB   13/15 KB   15/15 KB              Downloaded: http://repo.jenkins-ci.org/simple/repo1-cache/org/apache/apache/15/apache-15.pom (15 KB at 13.2 KB/sec)
Downloading: http://repo.jenkins-ci.org/simple/repo1-cache/com/google/code/findbugs/jsr305/2.0.1/jsr305-2.0.1.pom
965/965 B               Downloaded: http://repo.jenkins-ci.org/simple/repo1-cache/com/google/code/findbugs/jsr305/2.0.1/jsr305-2.0.1.pom (965 B at 1.0 KB/sec)
Downloading: http://repo.jenkins-ci.org/simple/repo1-cache/org/apache/maven/surefire/surefire-grouper/2.19/surefire-grouper-2.19.pom
3/3 KB               Downloaded: http://repo.jenkins-ci.org/simple/repo1-cache/org/apache/maven/surefire/surefire-grouper/2.19/surefire-grouper-2.19.pom (3 KB at 2.8 KB/sec)
Downloading: http://repo.jenkins-ci.org/simple/repo1-cache/org/apache/maven/surefire/surefire-junit47/2.19/surefire-junit47-2.19.jar
Downloading: http://repo.jenkins-ci.org/simple/repo1-cache/org/apache/maven/surefire/common-junit4/2.19/common-junit4-2.19.jar
Downloading: http://repo.jenkins-ci.org/simple/repo1-cache/org/apache/maven/surefire/common-junit48/2.19/common-junit48-2.19.jar
Downloading: http://repo.jenkins-ci.org/simple/repo1-cache/org/apache/maven/surefire/common-junit3/2.19/common-junit3-2.19.jar
Downloading: http://repo.jenkins-ci.org/simple/repo1-cache/org/apache/maven/surefire/common-java5/2.19/common-java5-2.19.jar
2/22 KB   6/22 KB   6/22 KB   4/12 KB   6/22 KB   6/12 KB   6/22 KB   6/12 KB   2/25 KB   6/22 KB   6/12 KB   6/25 KB   6/22 KB   6/12 KB   6/25 KB   3/150 KB   6/22 KB   6/12 KB   6/25 KB   6/150 KB   4/44 KB   6/22 KB   6/12 KB   6/25 KB   6/150 KB   6/44 KB   6/22 KB   6/12 KB   6/25 KB   6/150 KB   6/44 KB   7/22 KB   6/12 KB   6/25 KB   6/150 KB   6/44 KB   8/22 KB   6/12 KB   6/25 KB   6/150 KB   6/44 KB   12/22 KB   6/12 KB   6/25 KB   6/150 KB   6/44 KB   16/22 KB   6/12 KB   6/25 KB   6/150 KB   6/44 KB   20/22 KB   6/12 KB   6/25 KB   6/150 KB   6/44 KB   22/22 KB   6/12 KB   6/25 KB   6/150 KB   6/44 KB   22/22 KB   10/12 KB   6/25 KB   6/150 KB   6/44 KB   22/22 KB   12/12 KB   6/25 KB   6/150 KB   6/44 KB   22/22 KB   12/12 KB   10/25 KB   6/150 KB   6/44 KB   22/22 KB   12/12 KB   13/25 KB   6/150 KB   6/44 KB   22/22 KB   12/12 KB   17/25 KB   6/150 KB   6/44 KB   22/22 KB   12/12 KB   21/25 KB   6/150 KB   6/44 KB   22/22 KB   12/12 KB   23/25 KB   6/150 KB   6/44 KB   22/22 KB   12/12 KB   23/25 KB   10/150 KB   6/44 KB   22/22 KB   12/12 KB   23/25 KB   10/150 KB   6/44 KB   22/22 KB   12/12 KB   23/25 KB   14/150 KB   6/44 KB   22/22 KB   12/12 KB   23/25 KB   18/150 KB   6/44 KB   22/22 KB   12/12 KB   23/25 KB   22/150 KB   6/44 KB   22/22 KB   12/12 KB   23/25 KB   23/150 KB   7/44 KB   22/22 KB   12/12 KB   23/25 KB   23/150 KB   10/44 KB   22/22 KB   12/12 KB   23/25 KB   23/150 KB   14/44 KB   22/22 KB   12/12 KB   23/25 KB   23/150 KB   18/44 KB   22/22 KB   12/12 KB   23/25 KB   23/150 KB   22/44 KB   22/22 KB   12/12 KB   23/25 KB   23/150 KB   23/44 KB   22/22 KB   12/12 KB   23/25 KB   23/150 KB   23/44 KB   22/22 KB   12/12 KB   25/25 KB   23/150 KB   23/44 KB   22/22 KB   12/12 KB   25/25 KB   24/150 KB   24/44 KB   22/22 KB   12/12 KB   25/25 KB   24/150 KB   24/44 KB   22/22 KB   12/12 KB   25/25 KB   28/150 KB   24/44 KB   22/22 KB   12/12 KB   25/25 KB   31/150 KB   26/44 KB   22/22 KB   12/12 KB   25/25 KB   35/150 KB   26/44 KB   22/22 KB   12/12 KB   25/25 KB   35/150 KB   26/44 KB   22/22 KB   12/12 KB   25/25 KB   39/150 KB   26/44 KB   22/22 KB   12/12 KB   25/25 KB   42/150 KB   26/44 KB   22/22 KB   12/12 KB   25/25 KB   45/150 KB   27/44 KB   22/22 KB   12/12 KB   25/25 KB   45/150 KB   27/44 KB   22/22 KB   12/12 KB   25/25 KB   49/150 KB   27/44 KB   22/22 KB   12/12 KB   25/25 KB   53/150 KB   27/44 KB   22/22 KB   12/12 KB   25/25 KB   57/150 KB   31/44 KB   22/22 KB   12/12 KB   25/25 KB   57/150 KB   35/44 KB   22/22 KB   12/12 KB   25/25 KB   57/150 KB   39/44 KB   22/22 KB   12/12 KB   25/25 KB   57/150 KB   43/44 KB   22/22 KB   12/12 KB   25/25 KB   57/150 KB   44/44 KB   22/22 KB   12/12 KB   25/25 KB   57/150 KB                                                           Downloaded: http://repo.jenkins-ci.org/simple/repo1-cache/org/apache/maven/surefire/common-junit48/2.19/common-junit48-2.19.jar (22 KB at 20.2 KB/sec)
Downloading: http://repo.jenkins-ci.org/simple/repo1-cache/org/apache/maven/shared/maven-shared-utils/0.9/maven-shared-utils-0.9.jar
                                                        Downloaded: http://repo.jenkins-ci.org/simple/repo1-cache/org/apache/maven/surefire/common-junit3/2.19/common-junit3-2.19.jar (12 KB at 10.3 KB/sec)
Downloading: http://repo.jenkins-ci.org/simple/repo1-cache/com/google/code/findbugs/jsr305/2.0.1/jsr305-2.0.1.jar
44/44 KB   25/25 KB   58/150 KB                         44/44 KB   25/25 KB   60/150 KB   44/44 KB   25/25 KB   61/150 KB   44/44 KB   25/25 KB   65/150 KB   44/44 KB   25/25 KB   69/150 KB   44/44 KB   25/25 KB   73/150 KB   44/44 KB   25/25 KB   74/150 KB   44/44 KB   25/25 KB   75/150 KB   44/44 KB   25/25 KB   77/150 KB   44/44 KB   25/25 KB   81/150 KB   44/44 KB   25/25 KB   85/150 KB   44/44 KB   25/25 KB   89/150 KB   44/44 KB   25/25 KB   93/150 KB   44/44 KB   25/25 KB   97/150 KB   44/44 KB   25/25 KB   101/150 KB   44/44 KB   25/25 KB   105/150 KB   44/44 KB   25/25 KB   109/150 KB   44/44 KB   25/25 KB   111/150 KB   44/44 KB   25/25 KB   114/150 KB   44/44 KB   25/25 KB   118/150 KB   44/44 KB   25/25 KB   118/150 KB   44/44 KB   25/25 KB   122/150 KB   44/44 KB   25/25 KB   126/150 KB   44/44 KB   25/25 KB   130/150 KB   44/44 KB   25/25 KB   134/150 KB   44/44 KB   25/25 KB   137/150 KB   44/44 KB   25/25 KB   141/150 KB   44/44 KB   25/25 KB   142/150 KB   44/44 KB   25/25 KB   144/150 KB   44/44 KB   25/25 KB   148/150 KB   44/44 KB   25/25 KB   150/150 KB                                      Downloaded: http://repo.jenkins-ci.org/simple/repo1-cache/org/apache/maven/surefire/common-junit4/2.19/common-junit4-2.19.jar (25 KB at 18.3 KB/sec)
Downloading: http://repo.jenkins-ci.org/simple/repo1-cache/org/apache/maven/surefire/surefire-grouper/2.19/surefire-grouper-2.19.jar
                                   Downloaded: http://repo.jenkins-ci.org/simple/repo1-cache/org/apache/maven/surefire/common-java5/2.19/common-java5-2.19.jar (44 KB at 32.0 KB/sec)
150/150 KB   2/32 KB               150/150 KB   6/32 KB   2/168 KB   150/150 KB   6/32 KB   6/168 KB   150/150 KB   6/32 KB   6/168 KB   150/150 KB   10/32 KB   6/168 KB   150/150 KB   13/32 KB   6/168 KB   150/150 KB   14/32 KB   6/168 KB   150/150 KB   18/32 KB   6/168 KB   150/150 KB   22/32 KB   6/168 KB   150/150 KB   23/32 KB   10/168 KB   150/150 KB   23/32 KB                                       Downloaded: http://repo.jenkins-ci.org/simple/repo1-cache/org/apache/maven/surefire/surefire-junit47/2.19/surefire-junit47-2.19.jar (150 KB at 84.6 KB/sec)
13/168 KB   23/32 KB                17/168 KB   23/32 KB   21/168 KB   23/32 KB   23/168 KB   23/32 KB   4/38 KB   23/168 KB   23/32 KB   6/38 KB   23/168 KB   23/32 KB   6/38 KB   23/168 KB   26/32 KB   6/38 KB   23/168 KB   30/32 KB   6/38 KB   23/168 KB   32/32 KB   6/38 KB   27/168 KB   32/32 KB   6/38 KB   30/168 KB   32/32 KB   6/38 KB   34/168 KB   32/32 KB   6/38 KB   38/168 KB   32/32 KB   6/38 KB   41/168 KB   32/32 KB   6/38 KB   45/168 KB   32/32 KB   6/38 KB   47/168 KB   32/32 KB   6/38 KB   51/168 KB   32/32 KB   6/38 KB   55/168 KB   32/32 KB   6/38 KB   55/168 KB   32/32 KB   8/38 KB   55/168 KB   32/32 KB   11/38 KB   55/168 KB   32/32 KB   15/38 KB   55/168 KB   32/32 KB   19/38 KB   55/168 KB   32/32 KB   22/38 KB   55/168 KB   32/32 KB   23/38 KB   55/168 KB   32/32 KB   23/38 KB   59/168 KB   32/32 KB   23/38 KB   63/168 KB   32/32 KB   23/38 KB   67/168 KB   32/32 KB   23/38 KB   71/168 KB   32/32 KB   23/38 KB   73/168 KB   32/32 KB   23/38 KB   77/168 KB   32/32 KB   23/38 KB   80/168 KB   32/32 KB   23/38 KB   84/168 KB   32/32 KB   23/38 KB   87/168 KB   32/32 KB   23/38 KB   91/168 KB   32/32 KB   23/38 KB   95/168 KB   32/32 KB   23/38 KB   98/168 KB   32/32 KB   23/38 KB   102/168 KB   32/32 KB   23/38 KB   104/168 KB   32/32 KB   23/38 KB   108/168 KB   32/32 KB   23/38 KB   108/168 KB   32/32 KB   27/38 KB   108/168 KB   32/32 KB   30/38 KB   108/168 KB   32/32 KB   34/38 KB   108/168 KB   32/32 KB   38/38 KB   108/168 KB   32/32 KB   38/38 KB   108/168 KB   32/32 KB   38/38 KB   112/168 KB   32/32 KB   38/38 KB   116/168 KB   32/32 KB   38/38 KB   119/168 KB   32/32 KB   38/38 KB   123/168 KB   32/32 KB   38/38 KB   127/168 KB   32/32 KB   38/38 KB   131/168 KB   32/32 KB   38/38 KB   134/168 KB   32/32 KB   38/38 KB   138/168 KB   32/32 KB   38/38 KB   142/168 KB   32/32 KB   38/38 KB   146/168 KB   32/32 KB   38/38 KB   150/168 KB   32/32 KB   38/38 KB   151/168 KB   32/32 KB   38/38 KB   154/168 KB   32/32 KB   38/38 KB   158/168 KB   32/32 KB   38/38 KB   162/168 KB   32/32 KB   38/38 KB   166/168 KB   32/32 KB                                      38/38 KB   168/168 KB              Downloaded: http://repo.jenkins-ci.org/simple/repo1-cache/com/google/code/findbugs/jsr305/2.0.1/jsr305-2.0.1.jar (32 KB at 24.0 KB/sec)
                        Downloaded: http://repo.jenkins-ci.org/simple/repo1-cache/org/apache/maven/surefire/surefire-grouper/2.19/surefire-grouper-2.19.jar (38 KB at 28.8 KB/sec)
                        Downloaded: http://repo.jenkins-ci.org/simple/repo1-cache/org/apache/maven/shared/maven-shared-utils/0.9/maven-shared-utils-0.9.jar (168 KB at 85.3 KB/sec)

-------------------------------------------------------
 T E S T S
-------------------------------------------------------
Running test.HelloTest
Tests run: 6, Failures: 1, Errors: 0, Skipped: 1, Time elapsed: 0.002 sec <<< FAILURE! - in test.HelloTest
test60(test.HelloTest)  Time elapsed: 0.001 sec  <<< FAILURE!
java.lang.AssertionError: oops
	at test.HelloTest.test60(HelloTest.java:30)


Results :

Failed tests: 
  HelloTest.test60:30->Base.run:11 oops

Tests run: 6, Failures: 1, Errors: 0, Skipped: 1

[INFO] ------------------------------------------------------------------------
[INFO] BUILD FAILURE
[INFO] ------------------------------------------------------------------------
[INFO] Total time: 18.852s
[INFO] Finished at: Thu Dec 03 08:33:57 UTC 2015
[INFO] Final Memory: 16M/169M
[INFO] ------------------------------------------------------------------------
[8mha:AAAAYB+LCAAAAAAAAP9b85aBtbiIQSmjNKU4P0+vJLE4u1gvPjexLDVPzxdEuhYV5Rf55ZekOlc7RKnPKH7IxMBQUcQgBdWQnJ9XnJ+TqucMoUEKGSCAEaSwAACsNFCqYAAAAA==[0m[ERROR] Failed to execute goal org.apache.maven.plugins:maven-surefire-plugin:2.19:test (default-test) on project demo-war: There are test failures.
[8mha:AAAAYB+LCAAAAAAAAP9b85aBtbiIQSmjNKU4P0+vJLE4u1gvPjexLDVPzxdEuhYV5Rf55ZekOlc7RKnPKH7IxMBQUcQgBdWQnJ9XnJ+TqucMoUEKGSCAEaSwAACsNFCqYAAAAA==[0m[ERROR] 
[8mha:AAAAYB+LCAAAAAAAAP9b85aBtbiIQSmjNKU4P0+vJLE4u1gvPjexLDVPzxdEuhYV5Rf55ZekOlc7RKnPKH7IxMBQUcQgBdWQnJ9XnJ+TqucMoUEKGSCAEaSwAACsNFCqYAAAAA==[0m[ERROR] Please refer to /repos/target/surefire-reports for the individual test results.
[8mha:AAAAYB+LCAAAAAAAAP9b85aBtbiIQSmjNKU4P0+vJLE4u1gvPjexLDVPzxdEuhYV5Rf55ZekOlc7RKnPKH7IxMBQUcQgBdWQnJ9XnJ+TqucMoUEKGSCAEaSwAACsNFCqYAAAAA==[0m[ERROR] -> [Help 1]
[8mha:AAAAYB+LCAAAAAAAAP9b85aBtbiIQSmjNKU4P0+vJLE4u1gvPjexLDVPzxdEuhYV5Rf55ZekOlc7RKnPKH7IxMBQUcQgBdWQnJ9XnJ+TqucMoUEKGSCAEaSwAACsNFCqYAAAAA==[0m[ERROR] 
[8mha:AAAAYB+LCAAAAAAAAP9b85aBtbiIQSmjNKU4P0+vJLE4u1gvPjexLDVPzxdEuhYV5Rf55ZekOlc7RKnPKH7IxMBQUcQgBdWQnJ9XnJ+TqucMoUEKGSCAEaSwAACsNFCqYAAAAA==[0m[ERROR] To see the full stack trace of the errors, re-run Maven with the -e switch.
[8mha:AAAAYB+LCAAAAAAAAP9b85aBtbiIQSmjNKU4P0+vJLE4u1gvPjexLDVPzxdEuhYV5Rf55ZekOlc7RKnPKH7IxMBQUcQgBdWQnJ9XnJ+TqucMoUEKGSCAEaSwAACsNFCqYAAAAA==[0m[ERROR] Re-run Maven using the -X switch to enable full debug logging.
[8mha:AAAAYB+LCAAAAAAAAP9b85aBtbiIQSmjNKU4P0+vJLE4u1gvPjexLDVPzxdEuhYV5Rf55ZekOlc7RKnPKH7IxMBQUcQgBdWQnJ9XnJ+TqucMoUEKGSCAEaSwAACsNFCqYAAAAA==[0m[ERROR] 
[8mha:AAAAYB+LCAAAAAAAAP9b85aBtbiIQSmjNKU4P0+vJLE4u1gvPjexLDVPzxdEuhYV5Rf55ZekOlc7RKnPKH7IxMBQUcQgBdWQnJ9XnJ+TqucMoUEKGSCAEaSwAACsNFCqYAAAAA==[0m[ERROR] For more information about the errors and possible solutions, please read the following articles:
[8mha:AAAAYB+LCAAAAAAAAP9b85aBtbiIQSmjNKU4P0+vJLE4u1gvPjexLDVPzxdEuhYV5Rf55ZekOlc7RKnPKH7IxMBQUcQgBdWQnJ9XnJ+TqucMoUEKGSCAEaSwAACsNFCqYAAAAA==[0m[ERROR] [Help 1] http://cwiki.apache.org/confluence/display/MAVEN/MojoFailureException
Build step 'Invoke top-level Maven targets' marked build as failure
Recording test results
Found 7 test results
Found failed test junit/test/HelloTest
Found failed test junit/test/HelloTest/test60
[unitth] Calculating test matrix...
[unitth] Wrote test history matrix to '/var/jenkins_home/jobs/TestA/thx/index.html'
Finished: FAILURE
